--- Startup times for process: Primary/TUI ---

times in msec
 clock   self+sourced   self:  sourced script
 clock   elapsed:              other lines

000.001  000.001: --- NVIM STARTING ---
000.395  000.394: event init
000.643  000.248: early init
000.854  000.211: locale set
000.932  000.078: init first window
001.389  000.457: inits 1
001.402  000.013: window checked
001.404  000.003: parsing arguments
002.191  000.057  000.057: require('vim.shared')
002.316  000.061  000.061: require('vim.inspect')
002.399  000.064  000.064: require('vim._options')
002.401  000.205  000.080: require('vim._editor')
002.403  000.340  000.078: require('vim._init_packages')
002.406  000.661: init lua interpreter
003.263  000.857: --- NVIM STARTED ---

--- Startup times for process: Embedded ---

times in msec
 clock   self+sourced   self:  sourced script
 clock   elapsed:              other lines

000.000  000.000: --- NVIM STARTING ---
000.189  000.188: event init
000.288  000.099: early init
000.356  000.068: locale set
000.410  000.055: init first window
000.794  000.384: inits 1
000.814  000.020: window checked
000.816  000.002: parsing arguments
001.464  000.045  000.045: require('vim.shared')
001.566  000.050  000.050: require('vim.inspect')
001.640  000.057  000.057: require('vim._options')
001.642  000.174  000.066: require('vim._editor')
001.643  000.286  000.068: require('vim._init_packages')
001.645  000.542: init lua interpreter
001.763  000.118: expanding arguments
001.786  000.023: inits 2
002.154  000.368: init highlight
002.156  000.001: waiting for UI
002.321  000.166: done waiting for UI
002.333  000.012: clear screen
002.421  000.010  000.010: require('vim.keymap')
003.059  000.723  000.713: require('vim._defaults')
003.063  000.007: init default mappings & autocommands
003.829  000.049  000.049: sourcing /usr/share/nvim/runtime/ftplugin.vim
003.903  000.029  000.029: sourcing /usr/share/nvim/runtime/indent.vim
003.984  000.031  000.031: sourcing $VIM/sysinit.vim
004.424  000.347  000.347: require('core.options')
007.264  000.012  000.012: require('vim.F')
007.376  002.007  001.995: require('vim.diagnostic')
007.439  003.011  001.004: require('core.keymaps')
007.848  000.406  000.406: require('core.autocmds')
010.738  000.619  000.619: require('plugins.colorizer')
010.807  000.051  000.051: require('plugins.colorschemes.darkvoid')
010.857  000.040  000.040: require('plugins.colorschemes.ef')
010.915  000.050  000.050: require('plugins.colorschemes.nightfox')
010.973  000.049  000.049: require('plugins.colorschemes.onedarkpro')
011.086  000.092  000.092: require('plugins.colorschemes.primer')
011.176  000.074  000.074: require('plugins.comment')
011.243  000.053  000.053: require('plugins.gitsigns')
011.325  000.070  000.070: require('plugins.harpoon')
011.513  000.174  000.174: require('plugins.lsp.cmp')
011.632  000.102  000.102: require('plugins.lsp.format')
011.778  000.131  000.131: require('plugins.lsp.lint')
012.042  000.251  000.251: require('plugins.lsp.lspconfig')
012.245  000.171  000.171: require('plugins.lsp.mason')
012.444  000.176  000.176: require('plugins.lsp.nonels')
012.512  000.054  000.054: require('plugins.markdown')
012.571  000.051  000.051: require('plugins.oil')
012.661  000.079  000.079: require('plugins.telescope')
012.778  000.083  000.083: require('plugins.treesitter')
012.961  000.179  000.179: require('lazy')
013.027  000.036  000.036: require('ffi')
013.148  000.076  000.076: require('vim.fs')
013.347  000.187  000.187: require('vim.uri')
013.375  000.343  000.079: require('vim.loader')
014.613  001.203  001.203: require('lazy.stats')
014.830  000.183  000.183: require('lazy.core.util')
015.012  000.178  000.178: require('lazy.core.config')
015.228  000.064  000.064: require('lazy.core.handler')
015.463  000.055  000.055: require('lazy.pkg')
015.469  000.163  000.108: require('lazy.core.meta')
015.474  000.244  000.081: require('lazy.core.plugin')
015.481  000.464  000.156: require('lazy.core.loader')
015.949  000.065  000.065: require('lazy.core.fragments')
017.445  000.163  000.163: require('lazy.core.handler.cmd')
017.556  000.103  000.103: require('lazy.core.handler.keys')
017.754  000.123  000.123: require('lazy.core.handler.event')
017.758  000.197  000.073: require('lazy.core.handler.ft')
018.483  000.297  000.297: sourcing /usr/share/nvim/runtime/filetype.lua
019.782  001.250  001.250: require('oil')
020.335  000.549  000.549: require('oil.ringbuf')
020.461  000.121  000.121: require('oil.config')
021.844  001.130  001.130: require('vim.filetype')
022.772  000.133  000.133: require('oil.log')
022.788  000.405  000.272: require('oil.fs')
023.059  000.099  000.099: require('oil.constants')
023.076  000.285  000.186: require('oil.util')
023.512  000.042  000.042: sourcing /home/aliqyanabid/.local/share/nvim/lazy/plenary.nvim/plugin/plenary.vim
024.746  000.171  000.171: require('plenary.bit')
024.834  000.083  000.083: require('plenary.functional')
024.872  000.470  000.216: require('plenary.path')
025.163  000.085  000.085: require('plenary.compat')
025.180  000.221  000.136: require('plenary.job')
025.207  000.333  000.112: require('harpoon.utils')
025.557  000.211  000.211: require('plenary.log')
025.631  000.423  000.212: require('harpoon.dev')
026.352  002.113  000.887: require('harpoon')
026.369  002.807  000.695: require('harpoon.mark')
027.387  000.334  000.334: require('plenary.strings')
027.394  000.619  000.286: require('plenary.window.border')
027.443  000.048  000.048: require('plenary.window')
027.504  000.059  000.059: require('plenary.popup.utils')
027.509  001.038  000.312: require('plenary.popup')
027.517  001.146  000.108: require('harpoon.ui')
029.250  000.082  000.082: require('mason-core.functional')
029.306  000.052  000.052: require('mason-core.path')
029.382  000.073  000.073: require('mason.settings')
029.403  000.283  000.075: require('mason-core.log')
029.406  000.329  000.047: require('mason-core.EventEmitter')
029.457  000.050  000.050: require('mason-core.optional')
029.590  000.080  000.080: require('mason-core.async')
029.629  000.036  000.036: require('mason-core.async.uv')
029.635  000.175  000.059: require('mason-core.fs')
029.691  000.054  000.054: require('mason-registry.sources')
029.769  000.034  000.034: require('mason-core.functional.data')
029.812  000.041  000.041: require('mason-core.functional.function')
029.822  000.128  000.053: require('mason-core.functional.list')
029.837  001.068  000.331: require('mason-registry')
029.895  000.056  000.056: require('mason.version')
029.904  001.561  000.437: require('mason-tool-installer')
029.928  001.658  000.097: sourcing /home/aliqyanabid/.local/share/nvim/lazy/mason-tool-installer.nvim/plugin/mason-tool-installer.lua
030.153  000.041  000.041: require('mason-core.functional.relation')
030.197  000.037  000.037: require('mason-core.functional.logic')
030.213  000.200  000.122: require('mason-core.platform')
030.216  000.243  000.043: require('mason')
030.297  000.034  000.034: require('mason-lspconfig.settings')
030.300  000.083  000.048: require('mason-lspconfig')
030.576  000.043  000.043: require('mason-core.functional.string')
030.597  000.133  000.090: require('mason.api.command')
030.802  000.043  000.043: require('mason-lspconfig.notify')
030.807  000.140  000.097: require('mason-lspconfig.lspconfig_hook')
032.121  000.128  000.128: require('lsp-file-operations.log')
032.128  000.533  000.405: require('lsp-file-operations')
035.535  000.095  000.095: require('vim.lsp.log')
036.363  000.821  000.821: require('vim.lsp.protocol')
037.813  000.842  000.842: require('vim.lsp._snippet_grammar')
038.056  000.215  000.215: require('vim.highlight')
038.101  001.730  000.674: require('vim.lsp.util')
038.347  000.124  000.124: require('vim.lsp.sync')
038.363  000.256  000.132: require('vim.lsp._changetracking')
038.653  000.287  000.287: require('vim.lsp.rpc')
038.894  003.652  000.462: require('vim.lsp')
039.368  000.468  000.468: require('lspconfig.util')
039.431  004.288  000.168: sourcing /home/aliqyanabid/.local/share/nvim/lazy/nvim-lspconfig/plugin/lspconfig.lua
040.247  000.127  000.127: require('lspconfig.async')
040.254  000.258  000.131: require('lspconfig.configs')
040.272  000.693  000.435: require('lspconfig')
040.440  000.091  000.091: require('cmp_nvim_lsp.source')
040.446  000.172  000.081: require('cmp_nvim_lsp')
040.572  000.094  000.094: require('lspconfig.configs.html')
041.186  000.110  000.110: require('lspconfig.manager')
041.316  000.122  000.122: require('lspconfig.configs.clangd')
041.819  000.188  000.188: require('lspconfig/util')
041.896  000.073  000.073: require('lspconfig.configs.gopls')
042.386  000.168  000.168: require('lspconfig.configs.cssls')
042.824  000.210  000.210: require('lspconfig.configs.pyright')
043.329  000.198  000.198: require('lspconfig.configs.hls')
043.971  000.195  000.195: require('lspconfig.configs.harper_ls')
044.389  000.160  000.160: require('lspconfig.configs.lua_ls')
044.613  013.805  006.603: require('lspconfig.util')
044.825  000.057  000.057: require('mason-core.functional.table')
044.879  000.263  000.206: require('mason-lspconfig.mappings.server')
044.929  000.046  000.046: require('mason-lspconfig.server_config_extensions')
044.990  000.058  000.058: require('lspconfig.configs.omnisharp')
045.372  000.044  000.044: require('mason-core.functional.number')
045.396  000.137  000.092: require('mason-lspconfig.api.command')
046.353  000.065  000.065: require('null-ls.utils')
046.375  000.137  000.072: require('null-ls.config')
046.457  000.035  000.035: require('null-ls.helpers.cache')
046.507  000.048  000.048: require('null-ls.helpers.diagnostics')
046.545  000.036  000.036: require('null-ls.helpers.formatter_factory')
046.642  000.039  000.039: require('null-ls.logger')
046.719  000.075  000.075: require('null-ls.state')
046.722  000.175  000.061: require('null-ls.helpers.generator_factory')
046.818  000.050  000.050: require('null-ls.helpers.command_resolver')
046.821  000.097  000.047: require('null-ls.helpers.make_builtin')
046.861  000.039  000.039: require('null-ls.helpers.range_formatting_args_factory')
046.863  000.486  000.057: require('null-ls.helpers')
047.012  000.058  000.058: require('null-ls.methods')
047.016  000.104  000.046: require('null-ls.diagnostics')
047.023  000.158  000.054: require('null-ls.sources')
047.070  000.044  000.044: require('null-ls.builtins')
047.072  001.131  000.306: require('null-ls')
047.197  000.116  000.116: require('null-ls.builtins.formatting.stylua')
047.310  000.109  000.109: require('null-ls.builtins.formatting.prettierd')
047.380  000.067  000.067: require('null-ls.builtins.formatting.prettier')
047.554  000.129  000.129: require('null-ls.builtins.diagnostics.eslint')
047.572  000.188  000.059: require('null-ls.builtins.diagnostics.eslint_d')
048.163  000.072  000.072: require('null-ls.client')
048.358  000.044  000.044: sourcing /home/aliqyanabid/.local/share/nvim/lazy/conform.nvim/plugin/conform.lua
048.710  000.320  000.320: require('conform')
048.940  000.031  000.031: sourcing /home/aliqyanabid/.local/share/nvim/lazy/nightfox.nvim/plugin/nightfox.vim
049.386  000.044  000.044: require('nightfox.lib.collect')
049.492  000.102  000.102: require('nightfox.util')
049.601  000.334  000.189: require('nightfox.config')
049.605  000.641  000.307: require('nightfox')
049.655  000.047  000.047: require('nightfox.override')
049.744  000.040  000.040: require('nightfox.lib.hash')
052.462  001.834  001.834: sourcing /home/aliqyanabid/.local/share/nvim/lazy/nightfox.nvim/colors/terafox.vim
054.113  000.053  000.053: sourcing /home/aliqyanabid/.local/share/nvim/lazy/nvim-web-devicons/plugin/nvim-web-devicons.vim
054.506  000.275  000.275: sourcing /home/aliqyanabid/.local/share/nvim/lazy/telescope.nvim/plugin/telescope.lua
055.061  000.077  000.077: require('telescope._extensions')
055.067  000.531  000.454: require('telescope')
055.834  000.191  000.191: require('telescope.deprecated')
056.351  000.293  000.293: require('telescope.log')
056.650  000.115  000.115: require('telescope.state')
056.792  000.435  000.320: require('telescope.utils')
056.813  000.962  000.233: require('telescope.sorters')
059.889  004.576  003.423: require('telescope.config')
060.125  000.225  000.225: require('telescope.pickers.scroller')
060.245  000.116  000.116: require('telescope.actions.state')
060.368  000.120  000.120: require('telescope.actions.utils')
060.624  000.128  000.128: require('telescope.actions.mt')
060.651  000.280  000.152: require('telescope.actions.set')
060.908  000.139  000.139: require('telescope.config.resolve')
060.912  000.259  000.121: require('telescope.pickers.entry_display')
060.987  000.073  000.073: require('telescope.from_entry')
061.342  006.273  000.624: require('telescope.actions')
062.936  000.210  000.210: require('fzf_lib')
062.945  000.352  000.142: require('telescope._extensions.fzf')
063.399  000.085  000.085: sourcing /usr/share/nvim/runtime/plugin/editorconfig.lua
063.610  000.168  000.168: sourcing /usr/share/nvim/runtime/plugin/gzip.vim
063.789  000.092  000.092: sourcing /usr/share/nvim/runtime/plugin/man.lua
064.583  000.216  000.216: sourcing /usr/share/nvim/runtime/pack/dist/opt/matchit/plugin/matchit.vim
064.609  000.759  000.543: sourcing /usr/share/nvim/runtime/plugin/matchit.vim
064.797  000.152  000.152: sourcing /usr/share/nvim/runtime/plugin/matchparen.vim
064.856  000.017  000.017: sourcing /usr/share/nvim/runtime/plugin/netrwPlugin.vim
064.976  000.079  000.079: sourcing /usr/share/nvim/runtime/plugin/osc52.lua
065.174  000.161  000.161: sourcing /usr/share/nvim/runtime/plugin/rplugin.vim
065.283  000.067  000.067: sourcing /usr/share/nvim/runtime/plugin/shada.vim
065.351  000.022  000.022: sourcing /usr/share/nvim/runtime/plugin/spellfile.vim
065.489  000.100  000.100: sourcing /usr/share/nvim/runtime/plugin/tarPlugin.vim
065.619  000.073  000.073: sourcing /usr/share/nvim/runtime/plugin/tohtml.lua
065.688  000.028  000.028: sourcing /usr/share/nvim/runtime/plugin/tutor.vim
065.875  000.147  000.147: sourcing /usr/share/nvim/runtime/plugin/zipPlugin.vim
066.138  000.098  000.098: sourcing /home/aliqyanabid/.local/share/nvim/lazy/cmp-nvim-lsp/after/plugin/cmp_nvim_lsp.lua
066.231  058.379  014.124: require('plugins.init')
066.235  062.193  000.049: sourcing /home/aliqyanabid/.config/nvim/init.lua
066.248  000.882: sourcing vimrc file(s)
066.758  000.093  000.093: sourcing /usr/share/nvim/runtime/filetype.lua
067.047  000.073  000.073: sourcing /usr/share/nvim/runtime/syntax/synload.vim
067.128  000.292  000.219: sourcing /usr/share/nvim/runtime/syntax/syntax.vim
067.141  000.508: inits 3
072.755  005.614: reading ShaDa
073.044  000.289: opening buffers
073.139  000.095: BufEnter autocommands
073.143  000.004: editing files in windows
073.227  000.084: VimEnter autocommands
073.264  000.037: UIEnter autocommands
073.266  000.002: before starting main loop
073.532  000.266: first screen update
073.534  000.002: --- NVIM STARTED ---

--- Startup times for process: Primary/TUI ---

times in msec
 clock   self+sourced   self:  sourced script
 clock   elapsed:              other lines

000.001  000.001: --- NVIM STARTING ---
000.318  000.317: event init
000.493  000.176: early init
000.585  000.092: locale set
000.689  000.103: init first window
001.228  000.540: inits 1
001.243  000.015: window checked
001.252  000.009: parsing arguments
002.212  000.095  000.095: require('vim.shared')
002.366  000.075  000.075: require('vim.inspect')
002.467  000.077  000.077: require('vim._options')
002.470  000.250  000.098: require('vim._editor')
002.472  000.400  000.054: require('vim._init_packages')
002.475  000.823: init lua interpreter
003.409  000.934: --- NVIM STARTED ---

--- Startup times for process: Embedded ---

times in msec
 clock   self+sourced   self:  sourced script
 clock   elapsed:              other lines

000.001  000.001: --- NVIM STARTING ---
000.209  000.208: event init
000.334  000.125: early init
000.409  000.075: locale set
000.481  000.072: init first window
000.915  000.434: inits 1
000.937  000.022: window checked
000.940  000.003: parsing arguments
001.694  000.058  000.058: require('vim.shared')
001.877  000.088  000.088: require('vim.inspect')
001.995  000.085  000.085: require('vim._options')
001.999  000.300  000.127: require('vim._editor')
002.002  000.403  000.045: require('vim._init_packages')
002.005  000.662: init lua interpreter
002.153  000.147: expanding arguments
002.189  000.036: inits 2
002.804  000.615: init highlight
002.807  000.002: waiting for UI
002.975  000.168: done waiting for UI
002.987  000.012: clear screen
003.080  000.010  000.010: require('vim.keymap')
003.612  000.622  000.612: require('vim._defaults')
003.617  000.008: init default mappings & autocommands
004.413  000.062  000.062: sourcing /usr/share/nvim/runtime/ftplugin.vim
004.502  000.035  000.035: sourcing /usr/share/nvim/runtime/indent.vim
004.590  000.030  000.030: sourcing $VIM/sysinit.vim
005.636  000.966  000.966: require('core.options')
009.074  000.016  000.016: require('vim.F')
009.302  001.834  001.818: require('vim.diagnostic')
009.685  004.042  002.208: require('core.keymaps')
010.174  000.482  000.482: require('core.autocmds')
012.824  000.600  000.600: require('plugins.colorizer')
012.899  000.058  000.058: require('plugins.colorschemes.darkvoid')
012.958  000.046  000.046: require('plugins.colorschemes.ef')
013.034  000.063  000.063: require('plugins.colorschemes.nightfox')
013.097  000.049  000.049: require('plugins.colorschemes.onedarkpro')
013.168  000.053  000.053: require('plugins.colorschemes.primer')
013.241  000.061  000.061: require('plugins.comment')
013.285  000.035  000.035: require('plugins.gitsigns')
013.349  000.056  000.056: require('plugins.harpoon')
013.433  000.074  000.074: require('plugins.lsp.cmp')
013.489  000.048  000.048: require('plugins.lsp.format')
013.550  000.053  000.053: require('plugins.lsp.lint')
013.763  000.206  000.206: require('plugins.lsp.lspconfig')
013.843  000.068  000.068: require('plugins.lsp.mason')
013.919  000.068  000.068: require('plugins.lsp.nonels')
013.966  000.038  000.038: require('plugins.markdown')
014.012  000.040  000.040: require('plugins.oil')
014.104  000.083  000.083: require('plugins.telescope')
014.193  000.075  000.075: require('plugins.treesitter')
014.355  000.159  000.159: require('lazy')
014.398  000.024  000.024: require('ffi')
014.490  000.053  000.053: require('vim.fs')
014.639  000.137  000.137: require('vim.uri')
014.658  000.256  000.066: require('vim.loader')
015.107  000.424  000.424: require('lazy.stats')
015.433  000.303  000.303: require('lazy.core.util')
015.629  000.193  000.193: require('lazy.core.config')
015.864  000.078  000.078: require('lazy.core.handler')
016.137  000.109  000.109: require('lazy.pkg')
016.143  000.186  000.077: require('lazy.core.meta')
016.149  000.282  000.096: require('lazy.core.plugin')
016.156  000.521  000.161: require('lazy.core.loader')
016.528  000.058  000.058: require('lazy.core.fragments')
018.713  000.120  000.120: require('lazy.core.handler.cmd')
018.798  000.080  000.080: require('lazy.core.handler.keys')
019.102  000.248  000.248: require('lazy.core.handler.event')
019.106  000.301  000.053: require('lazy.core.handler.ft')
019.921  000.335  000.335: sourcing /usr/share/nvim/runtime/filetype.lua
021.221  001.265  001.265: require('oil')
021.682  000.456  000.456: require('oil.ringbuf')
021.975  000.289  000.289: require('oil.config')
023.366  001.175  001.175: require('vim.filetype')
024.175  000.096  000.096: require('oil.log')
024.192  000.223  000.127: require('oil.fs')
024.644  000.216  000.216: require('oil.constants')
024.659  000.464  000.248: require('oil.util')
025.085  000.042  000.042: sourcing /home/aliqyanabid/.local/share/nvim/lazy/plenary.nvim/plugin/plenary.vim
026.086  000.138  000.138: require('null-ls.utils')
026.184  000.375  000.238: require('null-ls.config')
026.311  000.056  000.056: require('null-ls.helpers.cache')
026.410  000.096  000.096: require('null-ls.helpers.diagnostics')
026.480  000.067  000.067: require('null-ls.helpers.formatter_factory')
026.696  000.103  000.103: require('null-ls.logger')
026.834  000.136  000.136: require('null-ls.state')
026.840  000.357  000.119: require('null-ls.helpers.generator_factory')
027.032  000.101  000.101: require('null-ls.helpers.command_resolver')
027.036  000.194  000.093: require('null-ls.helpers.make_builtin')
027.097  000.060  000.060: require('null-ls.helpers.range_formatting_args_factory')
027.100  000.913  000.082: require('null-ls.helpers')
027.478  000.164  000.164: require('null-ls.methods')
027.487  000.300  000.137: require('null-ls.diagnostics')
027.499  000.398  000.098: require('null-ls.sources')
027.647  000.145  000.145: require('null-ls.builtins')
027.652  002.521  000.689: require('null-ls')
027.812  000.143  000.143: require('null-ls.builtins.formatting.stylua')
027.947  000.130  000.130: require('null-ls.builtins.formatting.prettierd')
028.099  000.148  000.148: require('null-ls.builtins.formatting.prettier')
028.591  000.379  000.379: require('null-ls.builtins.diagnostics.eslint')
028.706  000.603  000.224: require('null-ls.builtins.diagnostics.eslint_d')
030.088  000.081  000.081: require('vim.lsp.log')
030.442  000.348  000.348: require('vim.lsp.protocol')
030.801  000.159  000.159: require('vim.lsp._snippet_grammar')
030.857  000.052  000.052: require('vim.highlight')
030.872  000.425  000.214: require('vim.lsp.util')
031.006  000.042  000.042: require('vim.lsp.sync')
031.012  000.137  000.094: require('vim.lsp._changetracking')
031.147  000.133  000.133: require('vim.lsp.rpc')
031.255  001.442  000.318: require('vim.lsp')
031.263  001.711  000.270: require('null-ls.client')
031.958  000.040  000.040: sourcing /home/aliqyanabid/.local/share/nvim/lazy/nvim-web-devicons/plugin/nvim-web-devicons.vim
032.368  000.331  000.331: sourcing /home/aliqyanabid/.local/share/nvim/lazy/telescope.nvim/plugin/telescope.lua
033.143  000.140  000.140: require('telescope._extensions')
033.148  000.752  000.612: require('telescope')
033.719  000.056  000.056: require('plenary.bit')
033.783  000.061  000.061: require('plenary.functional')
033.814  000.267  000.150: require('plenary.path')
033.828  000.337  000.069: require('plenary.strings')
033.954  000.125  000.125: require('telescope.deprecated')
034.533  000.419  000.419: require('plenary.log')
034.560  000.495  000.076: require('telescope.log')
034.993  000.129  000.129: require('plenary.compat')
035.005  000.341  000.211: require('plenary.job')
035.126  000.119  000.119: require('telescope.state')
035.146  000.584  000.125: require('telescope.utils')
035.157  001.199  000.120: require('telescope.sorters')
037.396  004.028  002.368: require('telescope.config')
037.692  000.133  000.133: require('plenary.window.border')
037.782  000.087  000.087: require('plenary.window')
037.843  000.058  000.058: require('plenary.popup.utils')
037.848  000.447  000.169: require('plenary.popup')
037.932  000.082  000.082: require('telescope.pickers.scroller')
038.011  000.077  000.077: require('telescope.actions.state')
038.106  000.092  000.092: require('telescope.actions.utils')
038.341  000.138  000.138: require('telescope.actions.mt')
038.372  000.264  000.126: require('telescope.actions.set')
038.568  000.114  000.114: require('telescope.config.resolve')
038.574  000.200  000.086: require('telescope.pickers.entry_display')
038.647  000.071  000.071: require('telescope.from_entry')
039.839  006.690  001.429: require('telescope.actions')
043.656  000.271  000.271: require('fzf_lib')
043.678  000.616  000.345: require('telescope._extensions.fzf')
044.240  000.129  000.129: sourcing /home/aliqyanabid/.local/share/nvim/lazy/conform.nvim/plugin/conform.lua
044.912  000.606  000.606: require('conform')
046.289  000.071  000.071: require('harpoon.utils')
046.446  000.118  000.118: require('harpoon.dev')
047.191  001.118  000.929: require('harpoon')
047.203  002.086  000.968: require('harpoon.mark')
047.281  000.076  000.076: require('harpoon.ui')
047.563  000.032  000.032: sourcing /home/aliqyanabid/.local/share/nvim/lazy/nightfox.nvim/plugin/nightfox.vim
048.093  000.052  000.052: require('nightfox.lib.collect')
048.155  000.058  000.058: require('nightfox.util')
048.284  000.297  000.188: require('nightfox.config')
048.288  000.699  000.402: require('nightfox')
048.338  000.048  000.048: require('nightfox.override')
048.416  000.039  000.039: require('nightfox.lib.hash')
050.615  001.332  001.332: sourcing /home/aliqyanabid/.local/share/nvim/lazy/nightfox.nvim/colors/terafox.vim
052.096  000.069  000.069: require('mason-core.functional')
052.141  000.041  000.041: require('mason-core.path')
052.195  000.052  000.052: require('mason.settings')
052.216  000.235  000.074: require('mason-core.log')
052.219  000.279  000.043: require('mason-core.EventEmitter')
052.274  000.054  000.054: require('mason-core.optional')
052.401  000.064  000.064: require('mason-core.async')
052.445  000.039  000.039: require('mason-core.async.uv')
052.461  000.185  000.082: require('mason-core.fs')
052.519  000.056  000.056: require('mason-registry.sources')
052.631  000.045  000.045: require('mason-core.functional.data')
052.684  000.050  000.050: require('mason-core.functional.function')
052.698  000.173  000.078: require('mason-core.functional.list')
052.717  000.904  000.158: require('mason-registry')
052.769  000.051  000.051: require('mason.version')
052.780  001.496  000.541: require('mason-tool-installer')
052.800  001.566  000.070: sourcing /home/aliqyanabid/.local/share/nvim/lazy/mason-tool-installer.nvim/plugin/mason-tool-installer.lua
053.047  000.049  000.049: require('mason-core.functional.relation')
053.103  000.047  000.047: require('mason-core.functional.logic')
053.118  000.215  000.118: require('mason-core.platform')
053.121  000.270  000.055: require('mason')
053.221  000.041  000.041: require('mason-lspconfig.settings')
053.225  000.103  000.061: require('mason-lspconfig')
053.575  000.059  000.059: require('mason-core.functional.string')
053.599  000.173  000.114: require('mason.api.command')
053.719  000.041  000.041: require('mason-lspconfig.notify')
053.723  000.101  000.060: require('mason-lspconfig.lspconfig_hook')
055.353  000.121  000.121: require('lsp-file-operations.log')
055.360  000.451  000.330: require('lsp-file-operations')
057.016  000.189  000.189: require('lspconfig.util')
057.040  000.296  000.106: sourcing /home/aliqyanabid/.local/share/nvim/lazy/nvim-lspconfig/plugin/lspconfig.lua
057.337  000.105  000.105: require('lspconfig.async')
057.341  000.199  000.095: require('lspconfig.configs')
057.350  000.277  000.078: require('lspconfig')
057.541  000.102  000.102: require('cmp_nvim_lsp.source')
057.545  000.193  000.090: require('cmp_nvim_lsp')
057.661  000.079  000.079: require('lspconfig.configs.html')
058.209  000.140  000.140: require('lspconfig.manager')
058.308  000.093  000.093: require('lspconfig.configs.clangd')
059.044  000.232  000.232: require('lspconfig/util')
059.129  000.080  000.080: require('lspconfig.configs.gopls')
059.396  000.085  000.085: require('lspconfig.configs.cssls')
059.598  000.093  000.093: require('lspconfig.configs.pyright')
059.852  000.082  000.082: require('lspconfig.configs.hls')
060.068  000.100  000.100: require('lspconfig.configs.harper_ls')
060.378  000.098  000.098: require('lspconfig.configs.lua_ls')
060.550  006.825  004.528: require('lspconfig.util')
060.863  000.148  000.148: require('mason-core.functional.table')
060.941  000.388  000.240: require('mason-lspconfig.mappings.server')
061.048  000.100  000.100: require('mason-lspconfig.server_config_extensions')
061.172  000.120  000.120: require('lspconfig.configs.omnisharp')
061.855  000.141  000.141: require('mason-core.functional.number')
061.885  000.281  000.140: require('mason-lspconfig.api.command')
062.739  000.097  000.097: sourcing /usr/share/nvim/runtime/plugin/editorconfig.lua
062.961  000.182  000.182: sourcing /usr/share/nvim/runtime/plugin/gzip.vim
063.191  000.157  000.157: sourcing /usr/share/nvim/runtime/plugin/man.lua
063.989  000.225  000.225: sourcing /usr/share/nvim/runtime/pack/dist/opt/matchit/plugin/matchit.vim
064.015  000.762  000.537: sourcing /usr/share/nvim/runtime/plugin/matchit.vim
064.200  000.146  000.146: sourcing /usr/share/nvim/runtime/plugin/matchparen.vim
064.259  000.016  000.016: sourcing /usr/share/nvim/runtime/plugin/netrwPlugin.vim
064.378  000.081  000.081: sourcing /usr/share/nvim/runtime/plugin/osc52.lua
064.579  000.164  000.164: sourcing /usr/share/nvim/runtime/plugin/rplugin.vim
064.708  000.089  000.089: sourcing /usr/share/nvim/runtime/plugin/shada.vim
064.791  000.024  000.024: sourcing /usr/share/nvim/runtime/plugin/spellfile.vim
064.935  000.099  000.099: sourcing /usr/share/nvim/runtime/plugin/tarPlugin.vim
065.058  000.075  000.075: sourcing /usr/share/nvim/runtime/plugin/tohtml.lua
065.167  000.022  000.022: sourcing /usr/share/nvim/runtime/plugin/tutor.vim
065.365  000.147  000.147: sourcing /usr/share/nvim/runtime/plugin/zipPlugin.vim
065.762  000.111  000.111: sourcing /home/aliqyanabid/.local/share/nvim/lazy/cmp-nvim-lsp/after/plugin/cmp_nvim_lsp.lua
065.813  055.631  016.341: require('plugins.init')
065.816  061.183  000.061: sourcing /home/aliqyanabid/.config/nvim/init.lua
065.829  000.903: sourcing vimrc file(s)
066.352  000.092  000.092: sourcing /usr/share/nvim/runtime/filetype.lua
066.641  000.074  000.074: sourcing /usr/share/nvim/runtime/syntax/synload.vim
066.725  000.292  000.218: sourcing /usr/share/nvim/runtime/syntax/syntax.vim
066.744  000.531: inits 3
072.192  005.448: reading ShaDa
072.434  000.242: opening buffers
072.519  000.085: BufEnter autocommands
072.522  000.003: editing files in windows
072.561  000.039: VimEnter autocommands
072.601  000.039: UIEnter autocommands
072.603  000.002: before starting main loop
072.878  000.275: first screen update
072.880  000.002: --- NVIM STARTED ---

--- Startup times for process: Primary/TUI ---

times in msec
 clock   self+sourced   self:  sourced script
 clock   elapsed:              other lines

000.001  000.001: --- NVIM STARTING ---
000.354  000.353: event init
000.558  000.204: early init
000.694  000.135: locale set
000.796  000.102: init first window
001.415  000.620: inits 1
001.430  000.014: window checked
001.433  000.003: parsing arguments
002.370  000.086  000.086: require('vim.shared')
002.526  000.076  000.076: require('vim.inspect')
002.628  000.078  000.078: require('vim._options')
002.630  000.255  000.100: require('vim._editor')
002.633  000.393  000.052: require('vim._init_packages')
002.636  000.810: init lua interpreter
003.636  001.000: --- NVIM STARTED ---

--- Startup times for process: Embedded ---

times in msec
 clock   self+sourced   self:  sourced script
 clock   elapsed:              other lines

000.000  000.000: --- NVIM STARTING ---
000.237  000.237: event init
000.400  000.162: early init
000.493  000.093: locale set
000.575  000.082: init first window
001.012  000.437: inits 1
001.036  000.024: window checked
001.039  000.003: parsing arguments
002.013  000.152  000.152: require('vim.shared')
002.375  000.113  000.113: require('vim.inspect')
002.471  000.073  000.073: require('vim._options')
002.474  000.424  000.237: require('vim._editor')
002.476  000.723  000.147: require('vim._init_packages')
002.480  000.718: init lua interpreter
002.840  000.360: expanding arguments
002.916  000.076: inits 2
003.558  000.642: init highlight
003.565  000.007: waiting for UI
003.786  000.221: done waiting for UI
003.799  000.014: clear screen
003.931  000.012  000.012: require('vim.keymap')
005.306  001.500  001.488: require('vim._defaults')
005.320  000.021: init default mappings & autocommands
006.476  000.084  000.084: sourcing /usr/share/nvim/runtime/ftplugin.vim
006.589  000.040  000.040: sourcing /usr/share/nvim/runtime/indent.vim
006.688  000.033  000.033: sourcing $VIM/sysinit.vim
007.425  000.645  000.645: require('core.options')
010.308  000.008  000.008: require('vim.F')
010.353  001.500  001.492: require('vim.diagnostic')
010.436  002.994  001.494: require('core.keymaps')
010.755  000.315  000.315: require('core.autocmds')
012.692  000.562  000.562: require('plugins.colorizer')
012.751  000.047  000.047: require('plugins.colorschemes.darkvoid')
012.799  000.039  000.039: require('plugins.colorschemes.ef')
012.856  000.049  000.049: require('plugins.colorschemes.nightfox')
012.904  000.039  000.039: require('plugins.colorschemes.onedarkpro')
012.945  000.033  000.033: require('plugins.colorschemes.primer')
012.994  000.042  000.042: require('plugins.comment')
013.035  000.034  000.034: require('plugins.gitsigns')
013.099  000.057  000.057: require('plugins.harpoon')
013.194  000.086  000.086: require('plugins.lsp.cmp')
013.265  000.062  000.062: require('plugins.lsp.format')
013.334  000.061  000.061: require('plugins.lsp.lint')
013.526  000.184  000.184: require('plugins.lsp.lspconfig')
013.597  000.062  000.062: require('plugins.lsp.mason')
013.676  000.071  000.071: require('plugins.lsp.nonels')
013.721  000.038  000.038: require('plugins.markdown')
013.767  000.040  000.040: require('plugins.oil')
013.842  000.066  000.066: require('plugins.telescope')
013.915  000.066  000.066: require('plugins.treesitter')
014.073  000.155  000.155: require('lazy')
014.113  000.024  000.024: require('ffi')
014.209  000.060  000.060: require('vim.fs')
014.361  000.139  000.139: require('vim.uri')
014.378  000.262  000.063: require('vim.loader')
014.853  000.451  000.451: require('lazy.stats')
015.008  000.135  000.135: require('lazy.core.util')
015.176  000.165  000.165: require('lazy.core.config')
015.392  000.063  000.063: require('lazy.core.handler')
015.579  000.051  000.051: require('lazy.pkg')
015.584  000.114  000.064: require('lazy.core.meta')
015.590  000.195  000.081: require('lazy.core.plugin')
015.597  000.415  000.157: require('lazy.core.loader')
016.204  000.099  000.099: require('lazy.core.fragments')
018.059  000.108  000.108: require('lazy.core.handler.event')
018.065  000.264  000.156: require('lazy.core.handler.ft')
018.161  000.092  000.092: require('lazy.core.handler.cmd')
018.329  000.148  000.148: require('lazy.core.handler.keys')
019.518  000.567  000.567: sourcing /usr/share/nvim/runtime/filetype.lua
022.090  002.395  002.395: require('oil')
023.693  001.576  001.576: require('oil.ringbuf')
023.871  000.169  000.169: require('oil.config')
025.569  001.458  001.458: require('vim.filetype')
026.768  000.106  000.106: require('oil.log')
026.782  000.339  000.233: require('oil.fs')
027.039  000.099  000.099: require('oil.constants')
027.052  000.267  000.168: require('oil.util')
029.428  000.170  000.170: require('mason-core.functional')
029.510  000.077  000.077: require('mason-core.path')
029.624  000.111  000.111: require('mason.settings')
029.653  000.504  000.147: require('mason-core.log')
029.657  000.589  000.086: require('mason-core.EventEmitter')
029.744  000.085  000.085: require('mason-core.optional')
029.974  000.100  000.100: require('mason-core.async')
030.042  000.062  000.062: require('mason-core.async.uv')
030.075  000.329  000.167: require('mason-core.fs')
030.213  000.136  000.136: require('mason-registry.sources')
030.389  000.072  000.072: require('mason-core.functional.data')
030.508  000.116  000.116: require('mason-core.functional.function')
030.535  000.317  000.129: require('mason-core.functional.list')
030.559  001.939  000.482: require('mason-registry')
030.624  000.064  000.064: require('mason.version')
030.636  002.974  000.972: require('mason-tool-installer')
030.663  003.076  000.101: sourcing /home/aliqyanabid/.local/share/nvim/lazy/mason-tool-installer.nvim/plugin/mason-tool-installer.lua
031.269  000.163  000.163: require('mason-core.functional.relation')
031.448  000.156  000.156: require('mason-core.functional.logic')
031.479  000.693  000.374: require('mason-core.platform')
031.482  000.761  000.068: require('mason')
031.818  000.114  000.114: require('mason-lspconfig.settings')
031.822  000.339  000.225: require('mason-lspconfig')
032.340  000.063  000.063: require('mason-core.functional.string')
032.362  000.172  000.109: require('mason.api.command')
032.607  000.040  000.040: require('mason-lspconfig.notify')
032.613  000.100  000.060: require('mason-lspconfig.lspconfig_hook')
034.642  000.042  000.042: sourcing /home/aliqyanabid/.local/share/nvim/lazy/plenary.nvim/plugin/plenary.vim
035.105  000.081  000.081: require('plenary.bit')
035.229  000.119  000.119: require('plenary.functional')
035.269  000.548  000.348: require('plenary.path')
035.383  001.299  000.709: require('plenary.log')
035.549  001.505  000.206: require('lsp-file-operations.log')
035.554  001.801  000.296: require('lsp-file-operations')
039.195  000.108  000.108: require('vim.lsp.log')
039.815  000.613  000.613: require('vim.lsp.protocol')
040.265  000.202  000.202: require('vim.lsp._snippet_grammar')
040.331  000.062  000.062: require('vim.highlight')
040.359  000.539  000.276: require('vim.lsp.util')
040.485  000.056  000.056: require('vim.lsp.sync')
040.493  000.130  000.074: require('vim.lsp._changetracking')
040.625  000.130  000.130: require('vim.lsp.rpc')
040.751  001.844  000.323: require('vim.lsp')
040.971  000.217  000.217: require('lspconfig.util')
040.998  002.166  000.104: sourcing /home/aliqyanabid/.local/share/nvim/lazy/nvim-lspconfig/plugin/lspconfig.lua
041.665  000.158  000.158: require('lspconfig.async')
041.670  000.540  000.383: require('lspconfig.configs')
041.683  000.642  000.102: require('lspconfig')
041.829  000.078  000.078: require('cmp_nvim_lsp.source')
041.833  000.149  000.070: require('cmp_nvim_lsp')
041.941  000.068  000.068: require('lspconfig.configs.html')
042.549  000.115  000.115: require('lspconfig.manager')
042.697  000.141  000.141: require('lspconfig.configs.clangd')
043.322  000.221  000.221: require('lspconfig/util')
043.408  000.081  000.081: require('lspconfig.configs.gopls')
043.800  000.090  000.090: require('lspconfig.configs.cssls')
044.075  000.092  000.092: require('lspconfig.configs.pyright')
044.431  000.105  000.105: require('lspconfig.configs.hls')
044.694  000.077  000.077: require('lspconfig.configs.harper_ls')
044.951  000.090  000.090: require('lspconfig.configs.lua_ls')
045.298  012.683  006.846: require('lspconfig.util')
045.800  000.282  000.282: require('mason-core.functional.table')
045.851  000.549  000.268: require('mason-lspconfig.mappings.server')
046.030  000.170  000.170: require('mason-lspconfig.server_config_extensions')
046.350  000.318  000.318: require('lspconfig.configs.omnisharp')
047.556  000.058  000.058: require('mason-core.functional.number')
047.608  000.249  000.190: require('mason-lspconfig.api.command')
049.405  000.052  000.052: sourcing /home/aliqyanabid/.local/share/nvim/lazy/nvim-web-devicons/plugin/nvim-web-devicons.vim
049.915  000.316  000.316: sourcing /home/aliqyanabid/.local/share/nvim/lazy/telescope.nvim/plugin/telescope.lua
050.557  000.066  000.066: require('telescope._extensions')
050.563  000.579  000.513: require('telescope')
051.128  000.187  000.187: require('plenary.strings')
051.326  000.191  000.191: require('telescope.deprecated')
051.829  000.317  000.317: require('telescope.log')
052.256  000.093  000.093: require('plenary.compat')
052.271  000.234  000.141: require('plenary.job')
052.342  000.068  000.068: require('telescope.state')
052.394  000.558  000.255: require('telescope.utils')
052.407  001.073  000.198: require('telescope.sorters')
055.308  004.504  003.054: require('telescope.config')
055.498  000.058  000.058: require('plenary.window.border')
055.559  000.058  000.058: require('plenary.window')
055.607  000.045  000.045: require('plenary.popup.utils')
055.611  000.295  000.133: require('plenary.popup')
055.747  000.134  000.134: require('telescope.pickers.scroller')
055.835  000.085  000.085: require('telescope.actions.state')
055.924  000.086  000.086: require('telescope.actions.utils')
056.081  000.090  000.090: require('telescope.actions.mt')
056.094  000.167  000.077: require('telescope.actions.set')
056.209  000.063  000.063: require('telescope.config.resolve')
056.212  000.117  000.054: require('telescope.pickers.entry_display')
056.258  000.044  000.044: require('telescope.from_entry')
056.418  005.854  000.422: require('telescope.actions')
057.758  000.191  000.191: require('fzf_lib')
057.767  000.289  000.098: require('telescope._extensions.fzf')
058.089  000.053  000.053: sourcing /home/aliqyanabid/.local/share/nvim/lazy/conform.nvim/plugin/conform.lua
058.536  000.402  000.402: require('conform')
059.260  000.066  000.066: require('harpoon.utils')
059.361  000.096  000.096: require('harpoon.dev')
059.895  000.817  000.655: require('harpoon')
059.908  001.210  000.393: require('harpoon.mark')
060.035  000.125  000.125: require('harpoon.ui')
060.885  000.121  000.121: require('null-ls.utils')
060.970  000.289  000.168: require('null-ls.config')
061.110  000.060  000.060: require('null-ls.helpers.cache')
061.222  000.110  000.110: require('null-ls.helpers.diagnostics')
061.294  000.069  000.069: require('null-ls.helpers.formatter_factory')
061.486  000.094  000.094: require('null-ls.logger')
061.572  000.084  000.084: require('null-ls.state')
061.578  000.281  000.103: require('null-ls.helpers.generator_factory')
061.731  000.081  000.081: require('null-ls.helpers.command_resolver')
061.734  000.155  000.074: require('null-ls.helpers.make_builtin')
061.800  000.064  000.064: require('null-ls.helpers.range_formatting_args_factory')
061.802  000.830  000.091: require('null-ls.helpers')
062.121  000.113  000.113: require('null-ls.methods')
062.127  000.227  000.114: require('null-ls.diagnostics')
062.137  000.333  000.106: require('null-ls.sources')
062.248  000.108  000.108: require('null-ls.builtins')
062.253  001.987  000.428: require('null-ls')
062.360  000.098  000.098: require('null-ls.builtins.formatting.stylua')
062.461  000.097  000.097: require('null-ls.builtins.formatting.prettierd')
062.638  000.174  000.174: require('null-ls.builtins.formatting.prettier')
062.856  000.144  000.144: require('null-ls.builtins.diagnostics.eslint')
062.884  000.239  000.094: require('null-ls.builtins.diagnostics.eslint_d')
063.754  000.168  000.168: require('null-ls.client')
063.993  000.032  000.032: sourcing /home/aliqyanabid/.local/share/nvim/lazy/nightfox.nvim/plugin/nightfox.vim
064.704  000.077  000.077: require('nightfox.lib.collect')
064.839  000.132  000.132: require('nightfox.util')
064.917  000.416  000.208: require('nightfox.config')
064.921  000.898  000.482: require('nightfox')
065.011  000.083  000.083: require('nightfox.override')
065.202  000.088  000.088: require('nightfox.lib.hash')
069.150  002.988  002.988: sourcing /home/aliqyanabid/.local/share/nvim/lazy/nightfox.nvim/colors/terafox.vim
069.831  000.232  000.232: sourcing /usr/share/nvim/runtime/plugin/editorconfig.lua
070.049  000.162  000.162: sourcing /usr/share/nvim/runtime/plugin/gzip.vim
070.348  000.215  000.215: sourcing /usr/share/nvim/runtime/plugin/man.lua
071.130  000.221  000.221: sourcing /usr/share/nvim/runtime/pack/dist/opt/matchit/plugin/matchit.vim
071.156  000.763  000.542: sourcing /usr/share/nvim/runtime/plugin/matchit.vim
071.359  000.150  000.150: sourcing /usr/share/nvim/runtime/plugin/matchparen.vim
071.426  000.016  000.016: sourcing /usr/share/nvim/runtime/plugin/netrwPlugin.vim
071.631  000.170  000.170: sourcing /usr/share/nvim/runtime/plugin/osc52.lua
071.855  000.165  000.165: sourcing /usr/share/nvim/runtime/plugin/rplugin.vim
071.963  000.068  000.068: sourcing /usr/share/nvim/runtime/plugin/shada.vim
072.036  000.022  000.022: sourcing /usr/share/nvim/runtime/plugin/spellfile.vim
072.205  000.127  000.127: sourcing /usr/share/nvim/runtime/plugin/tarPlugin.vim
072.448  000.177  000.177: sourcing /usr/share/nvim/runtime/plugin/tohtml.lua
072.512  000.022  000.022: sourcing /usr/share/nvim/runtime/plugin/tutor.vim
072.707  000.150  000.150: sourcing /usr/share/nvim/runtime/plugin/zipPlugin.vim
073.087  000.161  000.161: sourcing /home/aliqyanabid/.local/share/nvim/lazy/cmp-nvim-lsp/after/plugin/cmp_nvim_lsp.lua
073.133  062.374  015.011: require('plugins.init')
073.136  066.397  000.070: sourcing /home/aliqyanabid/.config/nvim/init.lua
073.150  001.276: sourcing vimrc file(s)
073.632  000.048  000.048: sourcing /usr/share/nvim/runtime/filetype.lua
073.915  000.073  000.073: sourcing /usr/share/nvim/runtime/syntax/synload.vim
073.997  000.292  000.220: sourcing /usr/share/nvim/runtime/syntax/syntax.vim
074.010  000.519: inits 3
079.466  005.456: reading ShaDa
079.690  000.224: opening buffers
079.770  000.080: BufEnter autocommands
079.773  000.003: editing files in windows
079.814  000.040: VimEnter autocommands
079.849  000.035: UIEnter autocommands
079.851  000.002: before starting main loop
080.114  000.263: first screen update
080.116  000.002: --- NVIM STARTED ---

